# JRE version: OpenJDK Runtime Environment Temurin-17.0.13+11 (17.0.13+11) (build 17.0.13+11)
# Java VM: OpenJDK 64-Bit Server VM Temurin-17.0.13+11 (17.0.13+11, mixed mode, tiered, compressed oops, compressed class ptrs, parallel gc, windows-amd64)
GC Precious Log:
 CPUs: 8 total, 8 available
 Memory: 6005M
 Large Page Support: Disabled
 NUMA Support: Disabled
 Compressed Oops: Enabled (32-bit)
 Alignments: Space 512K, Generation 512K, Heap 2M
 Heap Min Capacity: 100M
 Heap Initial Capacity: 100M
 Heap Max Capacity: 1G
 Pre-touch: Disabled
 Parallel Workers: 8
Heap:
 PSYoungGen      total 111616K, used 70771K [0x00000000eab00000, 0x00000000f4100000, 0x0000000100000000)
  eden space 78336K, 47% used [0x00000000eab00000,0x00000000ecf9f028,0x00000000ef780000)
  from space 33280K, 99% used [0x00000000ef780000,0x00000000f17fdbe8,0x00000000f1800000)
  to   space 36864K, 0% used [0x00000000f1d00000,0x00000000f1d00000,0x00000000f4100000)
 ParOldGen       total 428032K, used 397798K [0x00000000c0000000, 0x00000000da200000, 0x00000000eab00000)
  object space 428032K, 92% used [0x00000000c0000000,0x00000000d8479bd0,0x00000000da200000)
 Metaspace       used 81436K, committed 82752K, reserved 1179648K
  class space    used 8473K, committed 9088K, reserved 1048576K
GC Heap History (20 events):
Event: 28.021 GC heap before
{Heap before GC invocations=253 (full 13):
 PSYoungGen      total 70656K, used 70599K [0x00000000eab00000, 0x00000000efd00000, 0x0000000100000000)
  eden space 62464K, 100% used [0x00000000eab00000,0x00000000ee800000,0x00000000ee800000)
  from space 8192K, 99% used [0x00000000ee800000,0x00000000eeff1c30,0x00000000ef000000)
  to   space 8704K, 0% used [0x00000000ef480000,0x00000000ef480000,0x00000000efd00000)
 ParOldGen       total 428032K, used 362471K [0x00000000c0000000, 0x00000000da200000, 0x00000000eab00000)
  object space 428032K, 84% used [0x00000000c0000000,0x00000000d61f9c58,0x00000000da200000)
 Metaspace       used 77868K, committed 79168K, reserved 1179648K
  class space    used 8150K, committed 8768K, reserved 1048576K
}
Event: 28.033 GC heap after
{Heap after GC invocations=253 (full 13):
 PSYoungGen      total 74752K, used 8677K [0x00000000eab00000, 0x00000000efe00000, 0x0000000100000000)
  eden space 66048K, 0% used [0x00000000eab00000,0x00000000eab00000,0x00000000eeb80000)
  from space 8704K, 99% used [0x00000000ef480000,0x00000000efcf9500,0x00000000efd00000)
  to   space 9216K, 0% used [0x00000000eeb80000,0x00000000eeb80000,0x00000000ef480000)
 ParOldGen       total 428032K, used 362615K [0x00000000c0000000, 0x00000000da200000, 0x00000000eab00000)
  object space 428032K, 84% used [0x00000000c0000000,0x00000000d621dc58,0x00000000da200000)
 Metaspace       used 77868K, committed 79168K, reserved 1179648K
  class space    used 8150K, committed 8768K, reserved 1048576K
}
Event: 28.158 GC heap before
{Heap before GC invocations=254 (full 13):
 PSYoungGen      total 74752K, used 74725K [0x00000000eab00000, 0x00000000efe00000, 0x0000000100000000)
  eden space 66048K, 100% used [0x00000000eab00000,0x00000000eeb80000,0x00000000eeb80000)
  from space 8704K, 99% used [0x00000000ef480000,0x00000000efcf9500,0x00000000efd00000)
  to   space 9216K, 0% used [0x00000000eeb80000,0x00000000eeb80000,0x00000000ef480000)
 ParOldGen       total 428032K, used 362615K [0x00000000c0000000, 0x00000000da200000, 0x00000000eab00000)
  object space 428032K, 84% used [0x00000000c0000000,0x00000000d621dc58,0x00000000da200000)
 Metaspace       used 77874K, committed 79232K, reserved 1179648K
  class space    used 8150K, committed 8768K, reserved 1048576K
}
Event: 28.170 GC heap after
{Heap after GC invocations=254 (full 13):
 PSYoungGen      total 75264K, used 8662K [0x00000000eab00000, 0x00000000f0200000, 0x0000000100000000)
  eden space 66048K, 0% used [0x00000000eab00000,0x00000000eab00000,0x00000000eeb80000)
  from space 9216K, 93% used [0x00000000eeb80000,0x00000000ef3f5960,0x00000000ef480000)
  to   space 9216K, 0% used [0x00000000ef900000,0x00000000ef900000,0x00000000f0200000)
 ParOldGen       total 428032K, used 363876K [0x00000000c0000000, 0x00000000da200000, 0x00000000eab00000)
  object space 428032K, 85% used [0x00000000c0000000,0x00000000d63592c8,0x00000000da200000)
 Metaspace       used 77874K, committed 79232K, reserved 1179648K
  class space    used 8150K, committed 8768K, reserved 1048576K
}
Event: 28.298 GC heap before
{Heap before GC invocations=255 (full 13):
 PSYoungGen      total 75264K, used 74710K [0x00000000eab00000, 0x00000000f0200000, 0x0000000100000000)
  eden space 66048K, 100% used [0x00000000eab00000,0x00000000eeb80000,0x00000000eeb80000)
  from space 9216K, 93% used [0x00000000eeb80000,0x00000000ef3f5960,0x00000000ef480000)
  to   space 9216K, 0% used [0x00000000ef900000,0x00000000ef900000,0x00000000f0200000)
 ParOldGen       total 428032K, used 363876K [0x00000000c0000000, 0x00000000da200000, 0x00000000eab00000)
  object space 428032K, 85% used [0x00000000c0000000,0x00000000d63592c8,0x00000000da200000)
 Metaspace       used 77885K, committed 79232K, reserved 1179648K
  class space    used 8150K, committed 8768K, reserved 1048576K
}
Event: 28.307 GC heap after
{Heap after GC invocations=255 (full 13):
 PSYoungGen      total 78848K, used 9210K [0x00000000eab00000, 0x00000000f0380000, 0x0000000100000000)
  eden space 69632K, 0% used [0x00000000eab00000,0x00000000eab00000,0x00000000eef00000)
  from space 9216K, 99% used [0x00000000ef900000,0x00000000f01fe930,0x00000000f0200000)
  to   space 10240K, 0% used [0x00000000eef00000,0x00000000eef00000,0x00000000ef900000)
 ParOldGen       total 428032K, used 364476K [0x00000000c0000000, 0x00000000da200000, 0x00000000eab00000)
  object space 428032K, 85% used [0x00000000c0000000,0x00000000d63ef2c8,0x00000000da200000)
 Metaspace       used 77885K, committed 79232K, reserved 1179648K
  class space    used 8150K, committed 8768K, reserved 1048576K
}
Event: 28.429 GC heap before
{Heap before GC invocations=256 (full 13):
 PSYoungGen      total 78848K, used 78842K [0x00000000eab00000, 0x00000000f0380000, 0x0000000100000000)
  eden space 69632K, 100% used [0x00000000eab00000,0x00000000eef00000,0x00000000eef00000)
  from space 9216K, 99% used [0x00000000ef900000,0x00000000f01fe930,0x00000000f0200000)
  to   space 10240K, 0% used [0x00000000eef00000,0x00000000eef00000,0x00000000ef900000)
 ParOldGen       total 428032K, used 364476K [0x00000000c0000000, 0x00000000da200000, 0x00000000eab00000)
  object space 428032K, 85% used [0x00000000c0000000,0x00000000d63ef2c8,0x00000000da200000)
 Metaspace       used 77900K, committed 79232K, reserved 1179648K
  class space    used 8150K, committed 8768K, reserved 1048576K
}
Event: 28.442 GC heap after
{Heap after GC invocations=256 (full 13):
 PSYoungGen      total 79872K, used 10232K [0x00000000eab00000, 0x00000000f0d80000, 0x0000000100000000)
  eden space 69632K, 0% used [0x00000000eab00000,0x00000000eab00000,0x00000000eef00000)
  from space 10240K, 99% used [0x00000000eef00000,0x00000000ef8fe200,0x00000000ef900000)
  to   space 13312K, 0% used [0x00000000f0080000,0x00000000f0080000,0x00000000f0d80000)
 ParOldGen       total 428032K, used 366711K [0x00000000c0000000, 0x00000000da200000, 0x00000000eab00000)
  object space 428032K, 85% used [0x00000000c0000000,0x00000000d661dc78,0x00000000da200000)
 Metaspace       used 77900K, committed 79232K, reserved 1179648K
  class space    used 8150K, committed 8768K, reserved 1048576K
}
Event: 28.656 GC heap before
{Heap before GC invocations=257 (full 13):
 PSYoungGen      total 79872K, used 79864K [0x00000000eab00000, 0x00000000f0d80000, 0x0000000100000000)
  eden space 69632K, 100% used [0x00000000eab00000,0x00000000eef00000,0x00000000eef00000)
  from space 10240K, 99% used [0x00000000eef00000,0x00000000ef8fe200,0x00000000ef900000)
  to   space 13312K, 0% used [0x00000000f0080000,0x00000000f0080000,0x00000000f0d80000)
 ParOldGen       total 428032K, used 366711K [0x00000000c0000000, 0x00000000da200000, 0x00000000eab00000)
  object space 428032K, 85% used [0x00000000c0000000,0x00000000d661dc78,0x00000000da200000)
 Metaspace       used 78309K, committed 79616K, reserved 1179648K
  class space    used 8223K, committed 8832K, reserved 1048576K
}
Event: 28.672 GC heap after
{Heap after GC invocations=257 (full 13):
 PSYoungGen      total 82944K, used 8555K [0x00000000eab00000, 0x00000000f0900000, 0x0000000100000000)
  eden space 74240K, 0% used [0x00000000eab00000,0x00000000eab00000,0x00000000ef380000)
  from space 8704K, 98% used [0x00000000f0080000,0x00000000f08dafb0,0x00000000f0900000)
  to   space 10240K, 0% used [0x00000000ef500000,0x00000000ef500000,0x00000000eff00000)
 ParOldGen       total 428032K, used 371756K [0x00000000c0000000, 0x00000000da200000, 0x00000000eab00000)
  object space 428032K, 86% used [0x00000000c0000000,0x00000000d6b0b1e8,0x00000000da200000)
 Metaspace       used 78309K, committed 79616K, reserved 1179648K
  class space    used 8223K, committed 8832K, reserved 1048576K
}
Event: 29.192 GC heap before
{Heap before GC invocations=258 (full 13):
 PSYoungGen      total 82944K, used 82795K [0x00000000eab00000, 0x00000000f0900000, 0x0000000100000000)
  eden space 74240K, 100% used [0x00000000eab00000,0x00000000ef380000,0x00000000ef380000)
  from space 8704K, 98% used [0x00000000f0080000,0x00000000f08dafb0,0x00000000f0900000)
  to   space 10240K, 0% used [0x00000000ef500000,0x00000000ef500000,0x00000000eff00000)
 ParOldGen       total 428032K, used 371756K [0x00000000c0000000, 0x00000000da200000, 0x00000000eab00000)
  object space 428032K, 86% used [0x00000000c0000000,0x00000000d6b0b1e8,0x00000000da200000)
 Metaspace       used 79417K, committed 80704K, reserved 1179648K
  class space    used 8312K, committed 8896K, reserved 1048576K
}
Event: 29.215 GC heap after
{Heap after GC invocations=258 (full 13):
 PSYoungGen      total 86016K, used 10223K [0x00000000eab00000, 0x00000000f3700000, 0x0000000100000000)
  eden space 75776K, 0% used [0x00000000eab00000,0x00000000eab00000,0x00000000ef500000)
  from space 10240K, 99% used [0x00000000ef500000,0x00000000efefbc80,0x00000000eff00000)
  to   space 32256K, 0% used [0x00000000f1780000,0x00000000f1780000,0x00000000f3700000)
 ParOldGen       total 428032K, used 390185K [0x00000000c0000000, 0x00000000da200000, 0x00000000eab00000)
  object space 428032K, 91% used [0x00000000c0000000,0x00000000d7d0a410,0x00000000da200000)
 Metaspace       used 79417K, committed 80704K, reserved 1179648K
  class space    used 8312K, committed 8896K, reserved 1048576K
}
Event: 31.007 GC heap before
{Heap before GC invocations=259 (full 13):
 PSYoungGen      total 86016K, used 85999K [0x00000000eab00000, 0x00000000f3700000, 0x0000000100000000)
  eden space 75776K, 100% used [0x00000000eab00000,0x00000000ef500000,0x00000000ef500000)
  from space 10240K, 99% used [0x00000000ef500000,0x00000000efefbc80,0x00000000eff00000)
  to   space 32256K, 0% used [0x00000000f1780000,0x00000000f1780000,0x00000000f3700000)
 ParOldGen       total 428032K, used 390185K [0x00000000c0000000, 0x00000000da200000, 0x00000000eab00000)
  object space 428032K, 91% used [0x00000000c0000000,0x00000000d7d0a410,0x00000000da200000)
 Metaspace       used 81209K, committed 82560K, reserved 1179648K
  class space    used 8463K, committed 9088K, reserved 1048576K
}
Event: 31.047 GC heap after
{Heap after GC invocations=259 (full 13):
 PSYoungGen      total 105472K, used 32249K [0x00000000eab00000, 0x00000000f4300000, 0x0000000100000000)
  eden space 73216K, 0% used [0x00000000eab00000,0x00000000eab00000,0x00000000ef280000)
  from space 32256K, 99% used [0x00000000f1780000,0x00000000f36fe5c0,0x00000000f3700000)
  to   space 37888K, 0% used [0x00000000ef280000,0x00000000ef280000,0x00000000f1780000)
 ParOldGen       total 428032K, used 393341K [0x00000000c0000000, 0x00000000da200000, 0x00000000eab00000)
  object space 428032K, 91% used [0x00000000c0000000,0x00000000d801f780,0x00000000da200000)
 Metaspace       used 81209K, committed 82560K, reserved 1179648K
  class space    used 8463K, committed 9088K, reserved 1048576K
}
Event: 31.873 GC heap before
{Heap before GC invocations=260 (full 13):
 PSYoungGen      total 105472K, used 105465K [0x00000000eab00000, 0x00000000f4300000, 0x0000000100000000)
  eden space 73216K, 100% used [0x00000000eab00000,0x00000000ef280000,0x00000000ef280000)
  from space 32256K, 99% used [0x00000000f1780000,0x00000000f36fe5c0,0x00000000f3700000)
  to   space 37888K, 0% used [0x00000000ef280000,0x00000000ef280000,0x00000000f1780000)
 ParOldGen       total 428032K, used 393341K [0x00000000c0000000, 0x00000000da200000, 0x00000000eab00000)
  object space 428032K, 91% used [0x00000000c0000000,0x00000000d801f780,0x00000000da200000)
 Metaspace       used 81212K, committed 82560K, reserved 1179648K
  class space    used 8463K, committed 9088K, reserved 1048576K
}
Event: 31.898 GC heap after
{Heap after GC invocations=260 (full 13):
 PSYoungGen      total 111104K, used 34624K [0x00000000eab00000, 0x00000000f3b00000, 0x0000000100000000)
  eden space 73216K, 0% used [0x00000000eab00000,0x00000000eab00000,0x00000000ef280000)
  from space 37888K, 91% used [0x00000000ef280000,0x00000000f14500f0,0x00000000f1780000)
  to   space 35328K, 0% used [0x00000000f1880000,0x00000000f1880000,0x00000000f3b00000)
 ParOldGen       total 428032K, used 394893K [0x00000000c0000000, 0x00000000da200000, 0x00000000eab00000)
  object space 428032K, 92% used [0x00000000c0000000,0x00000000d81a3788,0x00000000da200000)
 Metaspace       used 81212K, committed 82560K, reserved 1179648K
  class space    used 8463K, committed 9088K, reserved 1048576K
}
Event: 32.555 GC heap before
{Heap before GC invocations=261 (full 13):
 PSYoungGen      total 111104K, used 107840K [0x00000000eab00000, 0x00000000f3b00000, 0x0000000100000000)
  eden space 73216K, 100% used [0x00000000eab00000,0x00000000ef280000,0x00000000ef280000)
  from space 37888K, 91% used [0x00000000ef280000,0x00000000f14500f0,0x00000000f1780000)
  to   space 35328K, 0% used [0x00000000f1880000,0x00000000f1880000,0x00000000f3b00000)
 ParOldGen       total 428032K, used 394893K [0x00000000c0000000, 0x00000000da200000, 0x00000000eab00000)
  object space 428032K, 92% used [0x00000000c0000000,0x00000000d81a3788,0x00000000da200000)
 Metaspace       used 81222K, committed 82624K, reserved 1179648K
  class space    used 8463K, committed 9088K, reserved 1048576K
}
Event: 32.573 GC heap after
{Heap after GC invocations=261 (full 13):
 PSYoungGen      total 109056K, used 32263K [0x00000000eab00000, 0x00000000f3880000, 0x0000000100000000)
  eden space 76288K, 0% used [0x00000000eab00000,0x00000000eab00000,0x00000000ef580000)
  from space 32768K, 98% used [0x00000000f1880000,0x00000000f3801d18,0x00000000f3880000)
  to   space 33280K, 0% used [0x00000000ef780000,0x00000000ef780000,0x00000000f1800000)
 ParOldGen       total 428032K, used 394901K [0x00000000c0000000, 0x00000000da200000, 0x00000000eab00000)
  object space 428032K, 92% used [0x00000000c0000000,0x00000000d81a5788,0x00000000da200000)
 Metaspace       used 81222K, committed 82624K, reserved 1179648K
  class space    used 8463K, committed 9088K, reserved 1048576K
}
Event: 33.097 GC heap before
{Heap before GC invocations=262 (full 13):
 PSYoungGen      total 109056K, used 108551K [0x00000000eab00000, 0x00000000f3880000, 0x0000000100000000)
  eden space 76288K, 100% used [0x00000000eab00000,0x00000000ef580000,0x00000000ef580000)
  from space 32768K, 98% used [0x00000000f1880000,0x00000000f3801d18,0x00000000f3880000)
  to   space 33280K, 0% used [0x00000000ef780000,0x00000000ef780000,0x00000000f1800000)
 ParOldGen       total 428032K, used 394901K [0x00000000c0000000, 0x00000000da200000, 0x00000000eab00000)
  object space 428032K, 92% used [0x00000000c0000000,0x00000000d81a5788,0x00000000da200000)
 Metaspace       used 81427K, committed 82752K, reserved 1179648K
  class space    used 8472K, committed 9088K, reserved 1048576K
}
Event: 33.126 GC heap after
{Heap after GC invocations=262 (full 13):
 PSYoungGen      total 111616K, used 33270K [0x00000000eab00000, 0x00000000f4100000, 0x0000000100000000)
  eden space 78336K, 0% used [0x00000000eab00000,0x00000000eab00000,0x00000000ef780000)
  from space 33280K, 99% used [0x00000000ef780000,0x00000000f17fdbe8,0x00000000f1800000)
  to   space 36864K, 0% used [0x00000000f1d00000,0x00000000f1d00000,0x00000000f4100000)
 ParOldGen       total 428032K, used 397798K [0x00000000c0000000, 0x00000000da200000, 0x00000000eab00000)
  object space 428032K, 92% used [0x00000000c0000000,0x00000000d8479bd0,0x00000000da200000)
 Metaspace       used 81427K, committed 82752K, reserved 1179648K
  class space    used 8472K, committed 9088K, reserved 1048576K
}

